
> jorbites@1.2.0 type-check
> tsc --noEmit

__tests__/unit_test/components/about/AboutClient.test.tsx(287,34): error TS2345: Argument of type 'Mock<(key: string) => string | null>' is not assignable to parameter of type 'NormalizedProcedure<(key: string) => string>'.
  Type 'string | null' is not assignable to type 'string'.
    Type 'null' is not assignable to type 'string'.
__tests__/unit_test/components/events/EventsList.test.tsx(48,17): error TS2353: Object literal may only specify known properties, and 'location' does not exist in type 'EventFrontmatter'.
__tests__/unit_test/components/events/EventsList.test.tsx(60,17): error TS2353: Object literal may only specify known properties, and 'location' does not exist in type 'EventFrontmatter'.
__tests__/unit_test/components/modals/SettingsModal.test.tsx(158,29): error TS2352: Conversion of type '{ badges: never[]; id: string; name: string; }' to type 'SafeUser' may be a mistake because neither type sufficiently overlaps with the other. If this was intentional, convert the expression to 'unknown' first.
  Type '{ badges: never[]; id: string; name: string; }' is missing the following properties from type 'Omit<{ name: string | null; id: string; email: string | null; emailVerified: Date | null; image: string | null; hashedPassword: string | null; createdAt: Date; updatedAt: Date; ... 7 more ...; resetTokenExpiry: Date | null; }, "email" | ... 8 more ... | "resetTokenExpiry">': image, level, verified
__tests__/unit_test/components/modals/SettingsModal.test.tsx(184,29): error TS2352: Conversion of type '{ badges: never[]; id: string; name: string; }' to type 'SafeUser' may be a mistake because neither type sufficiently overlaps with the other. If this was intentional, convert the expression to 'unknown' first.
  Type '{ badges: never[]; id: string; name: string; }' is missing the following properties from type 'Omit<{ name: string | null; id: string; email: string | null; emailVerified: Date | null; image: string | null; hashedPassword: string | null; createdAt: Date; updatedAt: Date; ... 7 more ...; resetTokenExpiry: Date | null; }, "email" | ... 8 more ... | "resetTokenExpiry">': image, level, verified
__tests__/unit_test/components/modals/SettingsModal.test.tsx(217,29): error TS2352: Conversion of type '{ badges: never[]; id: string; name: string; }' to type 'SafeUser' may be a mistake because neither type sufficiently overlaps with the other. If this was intentional, convert the expression to 'unknown' first.
  Type '{ badges: never[]; id: string; name: string; }' is missing the following properties from type 'Omit<{ name: string | null; id: string; email: string | null; emailVerified: Date | null; image: string | null; hashedPassword: string | null; createdAt: Date; updatedAt: Date; ... 7 more ...; resetTokenExpiry: Date | null; }, "email" | ... 8 more ... | "resetTokenExpiry">': image, level, verified
__tests__/unit_test/components/modals/SettingsModal.test.tsx(269,29): error TS2352: Conversion of type '{ badges: never[]; id: string; name: string; }' to type 'SafeUser' may be a mistake because neither type sufficiently overlaps with the other. If this was intentional, convert the expression to 'unknown' first.
  Type '{ badges: never[]; id: string; name: string; }' is missing the following properties from type 'Omit<{ name: string | null; id: string; email: string | null; emailVerified: Date | null; image: string | null; hashedPassword: string | null; createdAt: Date; updatedAt: Date; ... 7 more ...; resetTokenExpiry: Date | null; }, "email" | ... 8 more ... | "resetTokenExpiry">': image, level, verified
__tests__/unit_test/components/modals/SettingsModal.test.tsx(295,29): error TS2352: Conversion of type '{ badges: never[]; id: string; name: string; }' to type 'SafeUser' may be a mistake because neither type sufficiently overlaps with the other. If this was intentional, convert the expression to 'unknown' first.
  Type '{ badges: never[]; id: string; name: string; }' is missing the following properties from type 'Omit<{ name: string | null; id: string; email: string | null; emailVerified: Date | null; image: string | null; hashedPassword: string | null; createdAt: Date; updatedAt: Date; ... 7 more ...; resetTokenExpiry: Date | null; }, "email" | ... 8 more ... | "resetTokenExpiry">': image, level, verified
__tests__/unit_test/components/modals/SettingsModal.test.tsx(329,29): error TS2352: Conversion of type '{ badges: never[]; id: string; name: string; }' to type 'SafeUser' may be a mistake because neither type sufficiently overlaps with the other. If this was intentional, convert the expression to 'unknown' first.
  Type '{ badges: never[]; id: string; name: string; }' is missing the following properties from type 'Omit<{ name: string | null; id: string; email: string | null; emailVerified: Date | null; image: string | null; hashedPassword: string | null; createdAt: Date; updatedAt: Date; ... 7 more ...; resetTokenExpiry: Date | null; }, "email" | ... 8 more ... | "resetTokenExpiry">': image, level, verified
__tests__/unit_test/components/modals/recipe-steps/IngredientsStep.test.tsx(363,17): error TS2322: Type '{ onSetIngredients: Mock<Procedure>; getValues: Mock<(name: string) => "" | "1. flour\n2. sugar\n3. eggs">; numIngredients: number; register: Mock<Procedure>; errors: {}; onAddIngredient: Mock<...>; onRemoveIngredient: Mock<...>; }' is not assignable to type 'IngredientsStepProps'.
  Types of property 'getValues' are incompatible.
    Type 'Mock<(name: string) => "" | "1. flour\n2. sugar\n3. eggs">' is not assignable to type '(name?: string | string[] | undefined) => any'.
      Types of parameters 'name' and 'name' are incompatible.
        Type 'string | string[] | undefined' is not assignable to type 'string'.
          Type 'undefined' is not assignable to type 'string'.
__tests__/unit_test/components/modals/recipe-steps/RecipeStepsStep.test.tsx(416,17): error TS2322: Type '{ onSetSteps: Mock<Procedure>; getValues: Mock<(name: string) => "" | "1. Preheat oven\n2. Mix ingredients\n3. Bake">; numSteps: number; register: Mock<Procedure>; errors: {}; onAddStep: Mock<...>; onRemoveStep: Mock<...>; }' is not assignable to type 'RecipeStepsStepProps'.
  Types of property 'getValues' are incompatible.
    Type 'Mock<(name: string) => "" | "1. Preheat oven\n2. Mix ingredients\n3. Bake">' is not assignable to type '(name?: string | string[] | undefined) => any'.
      Types of parameters 'name' and 'name' are incompatible.
        Type 'string | string[] | undefined' is not assignable to type 'string'.
          Type 'undefined' is not assignable to type 'string'.
__tests__/unit_test/components/recipes/EditRecipeButton.test.tsx(40,15): error TS2352: Conversion of type '{ badges: never[]; id: string; name: string; }' to type 'SafeUser' may be a mistake because neither type sufficiently overlaps with the other. If this was intentional, convert the expression to 'unknown' first.
  Type '{ badges: never[]; id: string; name: string; }' is missing the following properties from type 'Omit<{ name: string | null; id: string; email: string | null; emailVerified: Date | null; image: string | null; hashedPassword: string | null; createdAt: Date; updatedAt: Date; ... 7 more ...; resetTokenExpiry: Date | null; }, "email" | ... 8 more ... | "resetTokenExpiry">': image, level, verified
__tests__/unit_test/components/recipes/RecipeCard.test.tsx(38,9): error TS2353: Object literal may only specify known properties, and 'category' does not exist in type 'SafeRecipe'.
__tests__/unit_test/components/stats/RecipeContributionGraph.test.tsx(77,78): error TS2322: Type '{ id: string; title: string; description: string; imageSrc: string; createdAt: string; categories: string[]; method: string; minutes: number; numLikes: number; ingredients: never[]; steps: never[]; extraImages: never[]; ... 4 more ...; questId: null; }' is not assignable to type 'SafeRecipe'.
  Property 'listIds' is missing in type '{ id: string; title: string; description: string; imageSrc: string; createdAt: string; categories: string[]; method: string; minutes: number; numLikes: number; ingredients: never[]; steps: never[]; extraImages: never[]; ... 4 more ...; questId: null; }' but required in type 'Omit<{ id: string; title: string; method: string; createdAt: Date; userId: string; description: string; imageSrc: string; categories: string[]; minutes: number; numLikes: number; ingredients: string[]; ... 6 more ...; questId: string | null; }, "createdAt">'.
__tests__/unit_test/components/workshops/WorkshopList.test.tsx(51,11): error TS2353: Object literal may only specify known properties, and 'listIds' does not exist in type 'SafeWorkshop'.
__tests__/unit_test/components/workshops/WorkshopList.test.tsx(71,11): error TS2353: Object literal may only specify known properties, and 'listIds' does not exist in type 'SafeWorkshop'.
__tests__/unit_test/pages/about/page.test.tsx(66,53): error TS2345: Argument of type 'SafeUser' is not assignable to parameter of type '{ createdAt: string; updatedAt: string; emailVerified: string | null; name: string | null; id: string; email: string | null; image: string | null; favoriteIds: string[]; emailNotifications: boolean; level: number; verified: boolean; language: string | null; badges: string[]; } | null'.
  Type 'SafeUser' is not assignable to type '{ createdAt: string; updatedAt: string; emailVerified: string | null; name: string | null; id: string; email: string | null; image: string | null; favoriteIds: string[]; emailNotifications: boolean; level: number; verified: boolean; language: string | null; badges: string[]; }'.
    Types of property 'createdAt' are incompatible.
      Type 'string | undefined' is not assignable to type 'string'.
        Type 'undefined' is not assignable to type 'string'.
__tests__/unit_test/pages/about/page.test.tsx(102,53): error TS2345: Argument of type 'SafeUser' is not assignable to parameter of type '{ createdAt: string; updatedAt: string; emailVerified: string | null; name: string | null; id: string; email: string | null; image: string | null; favoriteIds: string[]; emailNotifications: boolean; level: number; verified: boolean; language: string | null; badges: string[]; } | null'.
  Type 'SafeUser' is not assignable to type '{ createdAt: string; updatedAt: string; emailVerified: string | null; name: string | null; id: string; email: string | null; image: string | null; favoriteIds: string[]; emailNotifications: boolean; level: number; verified: boolean; language: string | null; badges: string[]; }'.
    Types of property 'createdAt' are incompatible.
      Type 'string | undefined' is not assignable to type 'string'.
        Type 'undefined' is not assignable to type 'string'.
__tests__/unit_test/pages/about/page.test.tsx(138,51): error TS2345: Argument of type 'Promise<SafeUser | null>' is not assignable to parameter of type 'Promise<{ createdAt: string; updatedAt: string; emailVerified: string | null; name: string | null; id: string; email: string | null; image: string | null; favoriteIds: string[]; emailNotifications: boolean; level: number; verified: boolean; language: string | null; badges: string[]; } | null>'.
  Type 'SafeUser | null' is not assignable to type '{ createdAt: string; updatedAt: string; emailVerified: string | null; name: string | null; id: string; email: string | null; image: string | null; favoriteIds: string[]; emailNotifications: boolean; level: number; verified: boolean; language: string | null; badges: string[]; } | null'.
    Type 'SafeUser' is not assignable to type '{ createdAt: string; updatedAt: string; emailVerified: string | null; name: string | null; id: string; email: string | null; image: string | null; favoriteIds: string[]; emailNotifications: boolean; level: number; verified: boolean; language: string | null; badges: string[]; } | null'.
      Type 'SafeUser' is not assignable to type '{ createdAt: string; updatedAt: string; emailVerified: string | null; name: string | null; id: string; email: string | null; image: string | null; favoriteIds: string[]; emailNotifications: boolean; level: number; verified: boolean; language: string | null; badges: string[]; }'.
        Types of property 'createdAt' are incompatible.
          Type 'string | undefined' is not assignable to type 'string'.
            Type 'undefined' is not assignable to type 'string'.
__tests__/unit_test/pages/lists/ListClient.test.tsx(62,30): error TS2353: Object literal may only specify known properties, and 'badges' does not exist in type 'SafeList'.
__tests__/unit_test/pages/lists/ListClient.test.tsx(81,9): error TS2353: Object literal may only specify known properties, and 'category' does not exist in type 'Omit<{ id: string; createdAt: Date; userId: string; title: string; description: string; imageSrc: string; categories: string[]; method: string; minutes: number; numLikes: number; ingredients: string[]; ... 6 more ...; questId: string | null; }, "createdAt"> & { ...; } & { ...; }'.
__tests__/unit_test/pages/lists/ListsClient.test.tsx(31,7): error TS2353: Object literal may only specify known properties, and 'badges' does not exist in type 'SafeList'.
__tests__/unit_test/pages/lists/ListsClient.test.tsx(42,7): error TS2353: Object literal may only specify known properties, and 'badges' does not exist in type 'SafeList'.
__tests__/unit_test/pages/profile/page.test.tsx(99,53): error TS2345: Argument of type '{ createdAt: string; updatedAt: string; emailVerified: null; id: string; name: string; email: null; image: null; favoriteIds: never[]; emailNotifications: false; level: number; verified: false; badges: never[]; }' is not assignable to parameter of type '{ createdAt: string; updatedAt: string; emailVerified: string | null; name: string | null; id: string; email: string | null; image: string | null; favoriteIds: string[]; emailNotifications: boolean; level: number; verified: boolean; language: string | null; badges: string[]; }'.
  Property 'language' is missing in type '{ createdAt: string; updatedAt: string; emailVerified: null; id: string; name: string; email: null; image: null; favoriteIds: never[]; emailNotifications: false; level: number; verified: false; badges: never[]; }' but required in type '{ createdAt: string; updatedAt: string; emailVerified: string | null; name: string | null; id: string; email: string | null; image: string | null; favoriteIds: string[]; emailNotifications: boolean; level: number; verified: boolean; language: string | null; badges: string[]; }'.
__tests__/unit_test/pages/profile/page.test.tsx(147,13): error TS2353: Object literal may only specify known properties, and 'email' does not exist in type '{ createdAt: string; updatedAt: string; emailVerified: string | null; recipeCount: number; likesReceived: number; recipesThisYear: number; totalCookingTime: number; avgLikesPerRecipe: number; ... 8 more ...; badges: string[]; } | { ...; }'.
__tests__/unit_test/pages/profile/page.test.tsx(158,53): error TS2345: Argument of type '{ createdAt: string; updatedAt: string; emailVerified: null; id: string; name: string; email: null; image: null; favoriteIds: never[]; emailNotifications: false; level: number; verified: false; badges: never[]; }' is not assignable to parameter of type '{ createdAt: string; updatedAt: string; emailVerified: string | null; name: string | null; id: string; email: string | null; image: string | null; favoriteIds: string[]; emailNotifications: boolean; level: number; verified: boolean; language: string | null; badges: string[]; }'.
  Property 'language' is missing in type '{ createdAt: string; updatedAt: string; emailVerified: null; id: string; name: string; email: null; image: null; favoriteIds: never[]; emailNotifications: false; level: number; verified: false; badges: never[]; }' but required in type '{ createdAt: string; updatedAt: string; emailVerified: string | null; name: string | null; id: string; email: string | null; image: string | null; favoriteIds: string[]; emailNotifications: boolean; level: number; verified: boolean; language: string | null; badges: string[]; }'.
__tests__/unit_test/pages/profile/page.test.tsx(203,13): error TS2353: Object literal may only specify known properties, and 'email' does not exist in type '{ createdAt: string; updatedAt: string; emailVerified: string | null; recipeCount: number; likesReceived: number; recipesThisYear: number; totalCookingTime: number; avgLikesPerRecipe: number; ... 8 more ...; badges: string[]; } | { ...; }'.
__tests__/unit_test/pages/profile/page.test.tsx(214,53): error TS2345: Argument of type '{ createdAt: string; updatedAt: string; emailVerified: null; id: string; name: string; email: null; image: null; favoriteIds: never[]; emailNotifications: false; level: number; verified: false; badges: never[]; }' is not assignable to parameter of type '{ createdAt: string; updatedAt: string; emailVerified: string | null; name: string | null; id: string; email: string | null; image: string | null; favoriteIds: string[]; emailNotifications: boolean; level: number; verified: boolean; language: string | null; badges: string[]; }'.
  Property 'language' is missing in type '{ createdAt: string; updatedAt: string; emailVerified: null; id: string; name: string; email: null; image: null; favoriteIds: never[]; emailNotifications: false; level: number; verified: false; badges: never[]; }' but required in type '{ createdAt: string; updatedAt: string; emailVerified: string | null; name: string | null; id: string; email: string | null; image: string | null; favoriteIds: string[]; emailNotifications: boolean; level: number; verified: boolean; language: string | null; badges: string[]; }'.
__tests__/unit_test/pages/recipes/RecipeClient.test.tsx(39,11): error TS2322: Type '{ id: string; title: string; minutes: number; imageSrc: string; extraImages: never[]; categories: string[]; method: string; description: string; ingredients: string[]; steps: string[]; numLikes: number; userId: string; ... 5 more ...; user: SafeUser; }' is not assignable to type 'Omit<{ id: string; createdAt: Date; userId: string; title: string; description: string; imageSrc: string; categories: string[]; method: string; minutes: number; numLikes: number; ingredients: string[]; ... 6 more ...; questId: string | null; }, "createdAt"> & { ...; } & { ...; }'.
  Property 'listIds' is missing in type '{ id: string; title: string; minutes: number; imageSrc: string; extraImages: never[]; categories: string[]; method: string; description: string; ingredients: string[]; steps: string[]; numLikes: number; userId: string; ... 5 more ...; user: SafeUser; }' but required in type 'Omit<{ id: string; createdAt: Date; userId: string; title: string; description: string; imageSrc: string; categories: string[]; method: string; minutes: number; numLikes: number; ingredients: string[]; ... 6 more ...; questId: string | null; }, "createdAt">'.
__tests__/unit_test/pages/recipes/RecipeClient.test.tsx(57,15): error TS2352: Conversion of type '{ badges: never[]; id: string; name: string; }' to type 'SafeUser' may be a mistake because neither type sufficiently overlaps with the other. If this was intentional, convert the expression to 'unknown' first.
  Type '{ badges: never[]; id: string; name: string; }' is missing the following properties from type 'Omit<{ name: string | null; id: string; email: string | null; emailVerified: Date | null; image: string | null; hashedPassword: string | null; createdAt: Date; updatedAt: Date; ... 7 more ...; resetTokenExpiry: Date | null; }, "email" | ... 8 more ... | "resetTokenExpiry">': image, level, verified
__tests__/unit_test/pages/recipes/RecipeClient.test.tsx(63,39): error TS2352: Conversion of type '{ badges: never[]; id: string; name: string; }' to type 'SafeUser' may be a mistake because neither type sufficiently overlaps with the other. If this was intentional, convert the expression to 'unknown' first.
  Type '{ badges: never[]; id: string; name: string; }' is missing the following properties from type 'Omit<{ name: string | null; id: string; email: string | null; emailVerified: Date | null; image: string | null; hashedPassword: string | null; createdAt: Date; updatedAt: Date; ... 7 more ...; resetTokenExpiry: Date | null; }, "email" | ... 8 more ... | "resetTokenExpiry">': image, level, verified
__tests__/unit_test/pages/recipes/RecipeClient.test.tsx(76,19): error TS2352: Conversion of type '{ badges: never[]; id: string; name: string; }' to type 'SafeUser' may be a mistake because neither type sufficiently overlaps with the other. If this was intentional, convert the expression to 'unknown' first.
  Type '{ badges: never[]; id: string; name: string; }' is missing the following properties from type 'Omit<{ name: string | null; id: string; email: string | null; emailVerified: Date | null; image: string | null; hashedPassword: string | null; createdAt: Date; updatedAt: Date; ... 7 more ...; resetTokenExpiry: Date | null; }, "email" | ... 8 more ... | "resetTokenExpiry">': image, level, verified
__tests__/unit_test/pages/workshops/WorkshopsClient.test.tsx(95,17): error TS2739: Type '{ currentUser: SafeUser; }' is missing the following properties from type 'WorkshopsClientProps': upcomingWorkshops, pastWorkshops
__tests__/unit_test/routes/lists.test.ts(35,46): error TS2339: Property 'toBe' does not exist on type 'Assertion'.
__tests__/unit_test/routes/lists.test.ts(44,46): error TS2339: Property 'toBe' does not exist on type 'Assertion'.
__tests__/unit_test/routes/lists.test.ts(56,46): error TS2339: Property 'toBe' does not exist on type 'Assertion'.
__tests__/unit_test/routes/lists.test.ts(66,46): error TS2339: Property 'toBe' does not exist on type 'Assertion'.
__tests__/unit_test/routes/lists.test.ts(80,46): error TS2339: Property 'toBe' does not exist on type 'Assertion'.
__tests__/unit_test/routes/lists.test.ts(93,46): error TS2339: Property 'toBe' does not exist on type 'Assertion'.
__tests__/unit_test/routes/lists.test.ts(108,46): error TS2339: Property 'toBe' does not exist on type 'Assertion'.
__tests__/unit_test/routes/lists.test.ts(121,46): error TS2339: Property 'toBe' does not exist on type 'Assertion'.
__tests__/unit_test/routes/lists.test.ts(136,46): error TS2339: Property 'toBe' does not exist on type 'Assertion'.
__tests__/unit_test/routes/lists.test.ts(150,46): error TS2339: Property 'toBe' does not exist on type 'Assertion'.
__tests__/unit_test/routes/lists.test.ts(166,46): error TS2339: Property 'toBe' does not exist on type 'Assertion'.
__tests__/unit_test/routes/lists.test.ts(180,46): error TS2339: Property 'toBe' does not exist on type 'Assertion'.
__tests__/unit_test/routes/recipes.test.ts(124,9): error TS2322: Type 'SafeRecipe[]' is not assignable to type '{ listIds: []; createdAt: string; id: string; title: string; description: string; imageSrc: string; categories: string[]; method: string; minutes: number; numLikes: number; ingredients: string[]; steps: string[]; extraImages: string[]; userId: string; }[]'.
  Type 'SafeRecipe' is not assignable to type '{ listIds: []; createdAt: string; id: string; title: string; description: string; imageSrc: string; categories: string[]; method: string; minutes: number; numLikes: number; ingredients: string[]; steps: string[]; extraImages: string[]; userId: string; }'.
    Types of property 'listIds' are incompatible.
      Type 'string[]' is not assignable to type '[]'.
        Target allows only 0 element(s) but source may have more.
__tests__/unit_test/routes/recipes.test.ts(126,9): error TS2322: Type '{ createdAt: string; updatedAt: string; emailVerified: string | null; name: string | null; id: string; email: string | null; image: string | null; favoriteIds: string[]; emailNotifications: boolean; level: number; verified: boolean; language: string | null; badges: string[]; } | null' is not assignable to type '{ badges: []; createdAt: string; updatedAt: string; emailVerified: string | null; id: string; name: string | null; email: string | null; image: string | null; favoriteIds: string[]; emailNotifications: boolean; level: number; verified: boolean; } | null'.
  Type '{ createdAt: string; updatedAt: string; emailVerified: string | null; name: string | null; id: string; email: string | null; image: string | null; favoriteIds: string[]; emailNotifications: boolean; level: number; verified: boolean; language: string | null; badges: string[]; }' is not assignable to type '{ badges: []; createdAt: string; updatedAt: string; emailVerified: string | null; id: string; name: string | null; email: string | null; image: string | null; favoriteIds: string[]; emailNotifications: boolean; level: number; verified: boolean; }'.
    Types of property 'badges' are incompatible.
      Type 'string[]' is not assignable to type '[]'.
        Target allows only 0 element(s) but source may have more.
__tests__/unit_test/routes/user-name.test.ts(54,46): error TS2345: Argument of type '{ id: string; name: string; email: string; emailVerified: null; image: null; createdAt: string; updatedAt: string; favoriteIds: never[]; emailNotifications: boolean; level: number; verified: boolean; badges: never[]; }' is not assignable to parameter of type '{ createdAt: string; updatedAt: string; emailVerified: string | null; name: string | null; id: string; email: string | null; image: string | null; favoriteIds: string[]; emailNotifications: boolean; level: number; verified: boolean; language: string | null; badges: string[]; } | Promise<...> | null'.
  Property 'language' is missing in type '{ id: string; name: string; email: string; emailVerified: null; image: null; createdAt: string; updatedAt: string; favoriteIds: never[]; emailNotifications: boolean; level: number; verified: boolean; badges: never[]; }' but required in type '{ createdAt: string; updatedAt: string; emailVerified: string | null; name: string | null; id: string; email: string | null; image: string | null; favoriteIds: string[]; emailNotifications: boolean; level: number; verified: boolean; language: string | null; badges: string[]; }'.
